<?xml version="1.0" encoding="UTF-8"?>
<!-- Generated by org.testng.reporters.JUnitReportReporter -->
<testsuite hostname="DESKTOP-8HSVKAU" failures="0" tests="3" name="firstTestngSele.threeSesstionParallel" time="28.228" errors="0" timestamp="2022-01-04T11:45:34 EET" skipped="0">
  <testcase classname="firstTestngSele.threeSesstionParallel" name="session1" time="9.366"/>
  <system-out/>
  <testcase classname="firstTestngSele.threeSesstionParallel" name="session3" time="9.467"/>
  <system-out/>
  <testcase classname="firstTestngSele.threeSesstionParallel" name="session2" time="9.395"/>
  <system-out/>
</testsuite> <!-- firstTestngSele.threeSesstionParallel -->
